<?xml version="1.0" encoding="UTF-8"?>
<robot generator="Robot 7.0 (Python 3.12.2 on win32)" generated="2024-07-25T14:21:31.904701" rpa="false" schemaversion="5">
<suite id="s1" name="Account Tests" source="C:\7_GOS\srph_sqe\GOS_Automation\Tests\Account_Tests.robot">
<kw name="Login user" owner="Login_Actions" type="SETUP">
<kw name="Initialize Browser" owner="ExtendSeleniumActions">
<kw name="Launch Chrome Browser" owner="SeleniumActions">
<kw name="Create Chrome Options" owner="SeleniumActions">
<kw name="Evaluate" owner="BuiltIn">
<msg time="2024-07-25T14:21:51.641916" level="INFO">${chrome_options} = &lt;selenium.webdriver.chrome.options.Options object at 0x00000223FF376960&gt;</msg>
<var>${chrome_options}</var>
<arg>sys.modules['selenium.webdriver'].ChromeOptions()</arg>
<arg>sys, selenium.webdriver</arg>
<doc>Evaluates the given expression in Python and returns the result.</doc>
<status status="PASS" start="2024-07-25T14:21:51.640919" elapsed="0.000997"/>
</kw>
<if>
<branch type="IF" condition="${is_headless}">
<kw name="Call Method" owner="BuiltIn">
<arg>${chrome_options}</arg>
<arg>add_argument</arg>
<arg>--headless\=new</arg>
<doc>Calls the named method of the given object with the provided arguments.</doc>
<status status="NOT RUN" start="2024-07-25T14:21:51.645904" elapsed="0.000000"/>
</kw>
<status status="NOT RUN" start="2024-07-25T14:21:51.644907" elapsed="0.000997"/>
</branch>
<status status="PASS" start="2024-07-25T14:21:51.644907" elapsed="0.001994"/>
</if>
<if>
<branch type="IF" condition="${incognito}">
<kw name="Call Method" owner="BuiltIn">
<arg>${chrome_options}</arg>
<arg>add_argument</arg>
<arg>--incognito</arg>
<doc>Calls the named method of the given object with the provided arguments.</doc>
<status status="PASS" start="2024-07-25T14:21:51.647899" elapsed="0.000000"/>
</kw>
<status status="PASS" start="2024-07-25T14:21:51.646901" elapsed="0.001995"/>
</branch>
<status status="PASS" start="2024-07-25T14:21:51.646901" elapsed="0.001995"/>
</if>
<for flavor="IN">
<iter>
<kw name="Call Method" owner="BuiltIn">
<arg>${chrome_options}</arg>
<arg>add_argument</arg>
<arg>${option}</arg>
<doc>Calls the named method of the given object with the provided arguments.</doc>
<status status="PASS" start="2024-07-25T14:21:51.649893" elapsed="0.000998"/>
</kw>
<var name="${option}">--ignore-certificate-errors</var>
<status status="PASS" start="2024-07-25T14:21:51.649893" elapsed="0.000998"/>
</iter>
<iter>
<kw name="Call Method" owner="BuiltIn">
<arg>${chrome_options}</arg>
<arg>add_argument</arg>
<arg>${option}</arg>
<doc>Calls the named method of the given object with the provided arguments.</doc>
<status status="PASS" start="2024-07-25T14:21:51.651888" elapsed="0.000997"/>
</kw>
<var name="${option}">--disable-dev-shm-usage</var>
<status status="PASS" start="2024-07-25T14:21:51.651888" elapsed="0.000997"/>
</iter>
<iter>
<kw name="Call Method" owner="BuiltIn">
<arg>${chrome_options}</arg>
<arg>add_argument</arg>
<arg>${option}</arg>
<doc>Calls the named method of the given object with the provided arguments.</doc>
<status status="PASS" start="2024-07-25T14:21:51.653882" elapsed="0.000998"/>
</kw>
<var name="${option}">--disable-popup-blocking</var>
<status status="PASS" start="2024-07-25T14:21:51.653882" elapsed="0.000998"/>
</iter>
<iter>
<kw name="Call Method" owner="BuiltIn">
<arg>${chrome_options}</arg>
<arg>add_argument</arg>
<arg>${option}</arg>
<doc>Calls the named method of the given object with the provided arguments.</doc>
<status status="PASS" start="2024-07-25T14:21:51.655876" elapsed="0.000998"/>
</kw>
<var name="${option}">--disable-extensions</var>
<status status="PASS" start="2024-07-25T14:21:51.655876" elapsed="0.000998"/>
</iter>
<iter>
<kw name="Call Method" owner="BuiltIn">
<arg>${chrome_options}</arg>
<arg>add_argument</arg>
<arg>${option}</arg>
<doc>Calls the named method of the given object with the provided arguments.</doc>
<status status="PASS" start="2024-07-25T14:21:51.657871" elapsed="0.000997"/>
</kw>
<var name="${option}">--no-sandbox</var>
<status status="PASS" start="2024-07-25T14:21:51.657871" elapsed="0.000997"/>
</iter>
<iter>
<kw name="Call Method" owner="BuiltIn">
<arg>${chrome_options}</arg>
<arg>add_argument</arg>
<arg>${option}</arg>
<doc>Calls the named method of the given object with the provided arguments.</doc>
<status status="PASS" start="2024-07-25T14:21:51.659865" elapsed="0.000998"/>
</kw>
<var name="${option}">window-size=1920,1080</var>
<status status="PASS" start="2024-07-25T14:21:51.659865" elapsed="0.000998"/>
</iter>
<iter>
<kw name="Call Method" owner="BuiltIn">
<arg>${chrome_options}</arg>
<arg>add_argument</arg>
<arg>${option}</arg>
<doc>Calls the named method of the given object with the provided arguments.</doc>
<status status="PASS" start="2024-07-25T14:21:51.661860" elapsed="0.000997"/>
</kw>
<var name="${option}">--start-maximized</var>
<status status="PASS" start="2024-07-25T14:21:51.661860" elapsed="0.000997"/>
</iter>
<var>${option}</var>
<value>@{other_chrome_options}</value>
<status status="PASS" start="2024-07-25T14:21:51.648896" elapsed="0.013961"/>
</for>
<kw name="Set Download Path" owner="SeleniumActions">
<kw name="Generate Random String" owner="String">
<msg time="2024-07-25T14:21:51.664852" level="INFO">${randomized_path} = UtIU</msg>
<var>${randomized_path}</var>
<arg>4</arg>
<arg>[LETTERS][NUMBERS]</arg>
<doc>Generates a string with a desired ``length`` from the given ``chars``.</doc>
<status status="PASS" start="2024-07-25T14:21:51.664852" elapsed="0.000997"/>
</kw>
<kw name="Join Path" owner="OperatingSystem">
<msg time="2024-07-25T14:21:51.669838" level="INFO">${generated_path} = C:\Users\A9566~1.YAN\AppData\Local\Temp\UtIU</msg>
<var>${generated_path}</var>
<arg>${TEMPDIR}</arg>
<arg>${randomized_path}</arg>
<doc>Joins the given path part(s) to the given base path.</doc>
<status status="PASS" start="2024-07-25T14:21:51.668841" elapsed="0.000997"/>
</kw>
<kw name="Set Suite Variable" owner="BuiltIn">
<msg time="2024-07-25T14:21:51.681804" level="INFO">${DOWNLOADDIR} = C:\Users\A9566~1.YAN\AppData\Local\Temp\UtIU</msg>
<arg>${DOWNLOADDIR}</arg>
<arg>${generated_path}</arg>
<doc>Makes a variable available everywhere within the scope of the current suite.</doc>
<status status="PASS" start="2024-07-25T14:21:51.672829" elapsed="0.008975"/>
</kw>
<doc>setups the randomly generated path for the download files to be placed on.</doc>
<status status="PASS" start="2024-07-25T14:21:51.663855" elapsed="0.020941"/>
</kw>
<kw name="Create Dictionary" owner="BuiltIn">
<msg time="2024-07-25T14:21:51.686791" level="INFO">${prefs} = {'download.default_directory': 'C:\\Users\\A9566~1.YAN\\AppData\\Local\\Temp\\UtIU'}</msg>
<var>${prefs}</var>
<arg>download.default_directory=${DOWNLOADDIR}</arg>
<doc>Creates and returns a dictionary based on the given ``items``.</doc>
<status status="PASS" start="2024-07-25T14:21:51.685794" elapsed="0.000997"/>
</kw>
<kw name="Call Method" owner="BuiltIn">
<arg>${chrome_options}</arg>
<arg>add_experimental_option</arg>
<arg>prefs</arg>
<arg>${prefs}</arg>
<doc>Calls the named method of the given object with the provided arguments.</doc>
<status status="PASS" start="2024-07-25T14:21:51.689782" elapsed="0.000000"/>
</kw>
<return>
<value>${chrome_options}</value>
<status status="PASS" start="2024-07-25T14:21:51.690780" elapsed="0.000000"/>
</return>
<msg time="2024-07-25T14:21:51.690780" level="INFO">${chrome_options_obj} = &lt;selenium.webdriver.chrome.options.Options object at 0x00000223FF376960&gt;</msg>
<var>${chrome_options_obj}</var>
<arg>${is_headless}</arg>
<arg>${incognito}</arg>
<arg>${chrome_options_list}</arg>
<doc>builds up the all the needed chrome options as well as the additional
options needed by the project that will use this keyword.</doc>
<status status="PASS" start="2024-07-25T14:21:51.575101" elapsed="0.116676"/>
</kw>
<kw name="Create Webdriver" owner="SeleniumLibrary">
<msg time="2024-07-25T14:21:51.694769" level="INFO">Creating an instance of the Chrome WebDriver.</msg>
<arg>Chrome</arg>
<arg>options=${chrome_options_obj}</arg>
<doc>Creates an instance of Selenium WebDriver.</doc>
<status status="PASS" start="2024-07-25T14:21:51.693774" elapsed="153.749617"/>
</kw>
<arg>${IS_HEADLESS}</arg>
<arg>${INCOGNITO}</arg>
<arg>${OPTIONS_LIST}</arg>
<doc>Arguments:
is_headless : set to True to run the test suite in headless mode
incognito : set to True to run the test suite in incognito mode
chrome_options_list: pass on all the necessary chrome options here</doc>
<status status="PASS" start="2024-07-25T14:21:51.573107" elapsed="153.874273"/>
</kw>
<kw name="Set Selenium Timeout" owner="SeleniumLibrary">
<arg>${DEFAULT_TIMEOUT}</arg>
<doc>Sets the timeout that is used by various keywords.</doc>
<status status="PASS" start="2024-07-25T14:24:25.448377" elapsed="0.694074"/>
</kw>
<if>
<branch type="IF" condition="${ENABLE_SELENIUM_SPEED}">
<kw name="Set Selenium Speed" owner="SeleniumLibrary">
<arg>${SELENIUM_SPEED}</arg>
<doc>Sets the delay that is waited after each Selenium command.</doc>
<status status="NOT RUN" start="2024-07-25T14:24:26.143448" elapsed="0.000000"/>
</kw>
<status status="NOT RUN" start="2024-07-25T14:24:26.142451" elapsed="0.001994"/>
</branch>
<status status="PASS" start="2024-07-25T14:24:26.142451" elapsed="0.001994"/>
</if>
<kw name="Go To" owner="SeleniumLibrary">
<msg time="2024-07-25T14:24:26.145442" level="INFO">Opening url 'https://admin-redesign.dev-gos-gsp.io/'</msg>
<arg>${URL}</arg>
<doc>Navigates the current browser window to the provided ``url``.</doc>
<status status="PASS" start="2024-07-25T14:24:26.144445" elapsed="32.797438"/>
</kw>
<status status="PASS" start="2024-07-25T14:21:51.572109" elapsed="188.633265"/>
</kw>
<kw name="Maximize Browser Window" owner="SeleniumLibrary">
<doc>Maximizes current browser window.</doc>
<status status="PASS" start="2024-07-25T14:25:00.269197" elapsed="3.237011"/>
</kw>
<kw name="Wait And Input Text" owner="SeleniumActions">
<kw name="Wait And Focus On Element" owner="SeleniumActions">
<if>
<branch type="IF" condition="not ${timeout}">
<kw name="Get Selenium Timeout" owner="SeleniumLibrary">
<msg time="2024-07-25T14:25:03.510197" level="INFO">${timeout} = 30 seconds</msg>
<var>${timeout}</var>
<doc>Gets the timeout that is used by various keywords.</doc>
<status status="PASS" start="2024-07-25T14:25:03.510197" elapsed="0.000000"/>
</kw>
<status status="PASS" start="2024-07-25T14:25:03.509200" elapsed="0.003988"/>
</branch>
<status status="PASS" start="2024-07-25T14:25:03.509200" elapsed="0.004986"/>
</if>
<kw name="Wait Until Page Contains Element" owner="SeleniumLibrary">
<arg>${locator}</arg>
<arg>${timeout}</arg>
<doc>Waits until the element ``locator`` appears on the current page.</doc>
<status status="PASS" start="2024-07-25T14:25:03.514186" elapsed="0.220388"/>
</kw>
<kw name="Wait Until Element Is Visible" owner="SeleniumLibrary">
<arg>${locator}</arg>
<doc>Waits until the element ``locator`` is visible.</doc>
<status status="PASS" start="2024-07-25T14:25:03.735571" elapsed="1.621498"/>
</kw>
<kw name="Set Log Level" owner="BuiltIn">
<arg>ERROR</arg>
<doc>Sets the log threshold to the specified level.</doc>
<status status="PASS" start="2024-07-25T14:25:05.358066" elapsed="0.000997"/>
</kw>
<kw name="Wait Until Keyword Succeeds" owner="BuiltIn">
<kw name="Set Focus To Element" owner="SeleniumLibrary">
<arg>${locator}</arg>
<doc>Sets the focus to the element identified by ``locator``.</doc>
<status status="PASS" start="2024-07-25T14:25:05.360060" elapsed="1.900236"/>
</kw>
<arg>${timeout}</arg>
<arg>500ms</arg>
<arg>Set Focus To Element</arg>
<arg>${locator}</arg>
<doc>Runs the specified keyword and retries if it fails.</doc>
<status status="PASS" start="2024-07-25T14:25:05.359063" elapsed="1.902230"/>
</kw>
<kw name="Set Log Level" owner="BuiltIn" type="TEARDOWN">
<arg>INFO</arg>
<doc>Sets the log threshold to the specified level.</doc>
<status status="PASS" start="2024-07-25T14:25:07.262290" elapsed="0.000997"/>
</kw>
<arg>${locator}</arg>
<arg>${timeout}</arg>
<doc>This is a series of chained Selenium keywords, that first waits for an element to be on the DOM, executes
Focus on it, then it waits for it to be visible.
locator: (string) A selenium locator(CSS, XPATH, ID, NAME, etc)
timeout: (float) Time in seconds to wait, will use global timeout if not set.</doc>
<status status="PASS" start="2024-07-25T14:25:03.508203" elapsed="3.755084"/>
</kw>
<kw name="Input Text" owner="SeleniumLibrary">
<msg time="2024-07-25T14:25:07.264286" level="INFO">Typing text 'srph_automation' into text field 'id:username'.</msg>
<arg>${locator}</arg>
<arg>${text}</arg>
<doc>Types the given ``text`` into the text field identified by ``locator``.</doc>
<status status="PASS" start="2024-07-25T14:25:07.264286" elapsed="10.520297"/>
</kw>
<arg>${username_input}</arg>
<arg>${username}</arg>
<doc>This is a series of chained Selenium keywords, that tries to find a web element first, and then input text.
If the element fails to typed into, it will scroll to the bottom of the page and try again.
locator: (string) A selenium locator(CSS, XPATH, ID, NAME, etc)
text: (string) Text to be typed into the input field.
timeout: (float) Time in seconds to wait, will use global timeout if not set.</doc>
<status status="PASS" start="2024-07-25T14:25:03.507205" elapsed="14.280369"/>
</kw>
<kw name="Wait And Input Password" owner="SeleniumActions">
<kw name="Wait And Focus On Element" owner="SeleniumActions">
<if>
<branch type="IF" condition="not ${timeout}">
<kw name="Get Selenium Timeout" owner="SeleniumLibrary">
<msg time="2024-07-25T14:25:17.790566" level="INFO">${timeout} = 30 seconds</msg>
<var>${timeout}</var>
<doc>Gets the timeout that is used by various keywords.</doc>
<status status="PASS" start="2024-07-25T14:25:17.790566" elapsed="0.000997"/>
</kw>
<status status="PASS" start="2024-07-25T14:25:17.789569" elapsed="0.003989"/>
</branch>
<status status="PASS" start="2024-07-25T14:25:17.789569" elapsed="0.004986"/>
</if>
<kw name="Wait Until Page Contains Element" owner="SeleniumLibrary">
<arg>${locator}</arg>
<arg>${timeout}</arg>
<doc>Waits until the element ``locator`` appears on the current page.</doc>
<status status="PASS" start="2024-07-25T14:25:17.794555" elapsed="1.348257"/>
</kw>
<kw name="Wait Until Element Is Visible" owner="SeleniumLibrary">
<arg>${locator}</arg>
<doc>Waits until the element ``locator`` is visible.</doc>
<status status="PASS" start="2024-07-25T14:25:19.143809" elapsed="2.048821"/>
</kw>
<kw name="Set Log Level" owner="BuiltIn">
<arg>ERROR</arg>
<doc>Sets the log threshold to the specified level.</doc>
<status status="PASS" start="2024-07-25T14:25:21.193627" elapsed="0.000000"/>
</kw>
<kw name="Wait Until Keyword Succeeds" owner="BuiltIn">
<kw name="Set Focus To Element" owner="SeleniumLibrary">
<arg>${locator}</arg>
<doc>Sets the focus to the element identified by ``locator``.</doc>
<status status="PASS" start="2024-07-25T14:25:21.195622" elapsed="0.324100"/>
</kw>
<arg>${timeout}</arg>
<arg>500ms</arg>
<arg>Set Focus To Element</arg>
<arg>${locator}</arg>
<doc>Runs the specified keyword and retries if it fails.</doc>
<status status="PASS" start="2024-07-25T14:25:21.194625" elapsed="0.326094"/>
</kw>
<kw name="Set Log Level" owner="BuiltIn" type="TEARDOWN">
<arg>INFO</arg>
<doc>Sets the log threshold to the specified level.</doc>
<status status="PASS" start="2024-07-25T14:25:21.520719" elapsed="0.000997"/>
</kw>
<arg>${locator}</arg>
<arg>${timeout}</arg>
<doc>This is a series of chained Selenium keywords, that first waits for an element to be on the DOM, executes
Focus on it, then it waits for it to be visible.
locator: (string) A selenium locator(CSS, XPATH, ID, NAME, etc)
timeout: (float) Time in seconds to wait, will use global timeout if not set.</doc>
<status status="PASS" start="2024-07-25T14:25:17.789569" elapsed="3.733145"/>
</kw>
<kw name="Input Password" owner="SeleniumLibrary">
<msg time="2024-07-25T14:25:21.523711" level="INFO">Typing password into text field 'id:password'.</msg>
<msg time="2024-07-25T14:25:24.427648" level="INFO">Temporally setting log level to: NONE</msg>
<arg>${locator}</arg>
<arg>${text}</arg>
<doc>Types the given password into the text field identified by ``locator``.</doc>
<status status="PASS" start="2024-07-25T14:25:21.522714" elapsed="6.510920"/>
</kw>
<arg>${password_input}</arg>
<arg>${password}</arg>
<doc>This is a series of chained Selenium keywords, that tries to find a web element first, and then input text.
The password text is not printed displayed in logs.
If the element fails to typed into, it will scroll to the bottom of the page and try again.
locator: (string) A selenium locator(CSS, XPATH, ID, NAME, etc)
password: (string) Password text to be typed into the input field.
timeout: (float) Time in seconds to wait, will use global timeout if not set.</doc>
<status status="PASS" start="2024-07-25T14:25:17.787574" elapsed="10.249051"/>
</kw>
<kw name="Get Totp" owner="totp">
<msg time="2024-07-25T14:25:28.038620" level="INFO">${otp} = 909082</msg>
<var>${otp}</var>
<arg>${TOKEN}</arg>
<status status="PASS" start="2024-07-25T14:25:28.037623" elapsed="0.000997"/>
</kw>
<kw name="Wait And Input Text" owner="SeleniumActions">
<kw name="Wait And Focus On Element" owner="SeleniumActions">
<if>
<branch type="IF" condition="not ${timeout}">
<kw name="Get Selenium Timeout" owner="SeleniumLibrary">
<msg time="2024-07-25T14:25:28.044603" level="INFO">${timeout} = 30 seconds</msg>
<var>${timeout}</var>
<doc>Gets the timeout that is used by various keywords.</doc>
<status status="PASS" start="2024-07-25T14:25:28.044603" elapsed="0.000000"/>
</kw>
<status status="PASS" start="2024-07-25T14:25:28.043606" elapsed="0.150582"/>
</branch>
<status status="PASS" start="2024-07-25T14:25:28.043606" elapsed="0.150582"/>
</if>
<kw name="Wait Until Page Contains Element" owner="SeleniumLibrary">
<arg>${locator}</arg>
<arg>${timeout}</arg>
<doc>Waits until the element ``locator`` appears on the current page.</doc>
<status status="PASS" start="2024-07-25T14:25:28.195185" elapsed="0.907480"/>
</kw>
<kw name="Wait Until Element Is Visible" owner="SeleniumLibrary">
<arg>${locator}</arg>
<doc>Waits until the element ``locator`` is visible.</doc>
<status status="PASS" start="2024-07-25T14:25:29.103663" elapsed="0.710540"/>
</kw>
<kw name="Set Log Level" owner="BuiltIn">
<arg>ERROR</arg>
<doc>Sets the log threshold to the specified level.</doc>
<status status="PASS" start="2024-07-25T14:25:29.815199" elapsed="0.000997"/>
</kw>
<kw name="Wait Until Keyword Succeeds" owner="BuiltIn">
<kw name="Set Focus To Element" owner="SeleniumLibrary">
<arg>${locator}</arg>
<doc>Sets the focus to the element identified by ``locator``.</doc>
<status status="PASS" start="2024-07-25T14:25:29.818191" elapsed="0.943380"/>
</kw>
<arg>${timeout}</arg>
<arg>500ms</arg>
<arg>Set Focus To Element</arg>
<arg>${locator}</arg>
<doc>Runs the specified keyword and retries if it fails.</doc>
<status status="PASS" start="2024-07-25T14:25:29.817193" elapsed="0.944378"/>
</kw>
<kw name="Set Log Level" owner="BuiltIn" type="TEARDOWN">
<arg>INFO</arg>
<doc>Sets the log threshold to the specified level.</doc>
<status status="PASS" start="2024-07-25T14:25:30.762568" elapsed="0.000997"/>
</kw>
<arg>${locator}</arg>
<arg>${timeout}</arg>
<doc>This is a series of chained Selenium keywords, that first waits for an element to be on the DOM, executes
Focus on it, then it waits for it to be visible.
locator: (string) A selenium locator(CSS, XPATH, ID, NAME, etc)
timeout: (float) Time in seconds to wait, will use global timeout if not set.</doc>
<status status="PASS" start="2024-07-25T14:25:28.042609" elapsed="2.720956"/>
</kw>
<kw name="Input Text" owner="SeleniumLibrary">
<msg time="2024-07-25T14:25:30.764563" level="INFO">Typing text '909082' into text field 'id:otpcode'.</msg>
<arg>${locator}</arg>
<arg>${text}</arg>
<doc>Types the given ``text`` into the text field identified by ``locator``.</doc>
<status status="PASS" start="2024-07-25T14:25:30.764563" elapsed="5.152692"/>
</kw>
<arg>${otp_input}</arg>
<arg>${otp}</arg>
<doc>This is a series of chained Selenium keywords, that tries to find a web element first, and then input text.
If the element fails to typed into, it will scroll to the bottom of the page and try again.
locator: (string) A selenium locator(CSS, XPATH, ID, NAME, etc)
text: (string) Text to be typed into the input field.
timeout: (float) Time in seconds to wait, will use global timeout if not set.</doc>
<status status="PASS" start="2024-07-25T14:25:28.041612" elapsed="7.878635"/>
</kw>
<kw name="Wait And Click Element" owner="SeleniumActions">
<kw name="Wait And Focus On Element" owner="SeleniumActions">
<if>
<branch type="IF" condition="not ${timeout}">
<kw name="Get Selenium Timeout" owner="SeleniumLibrary">
<msg time="2024-07-25T14:25:35.924235" level="INFO">${timeout} = 30 seconds</msg>
<var>${timeout}</var>
<doc>Gets the timeout that is used by various keywords.</doc>
<status status="PASS" start="2024-07-25T14:25:35.924235" elapsed="0.000000"/>
</kw>
<status status="PASS" start="2024-07-25T14:25:35.923238" elapsed="0.003989"/>
</branch>
<status status="PASS" start="2024-07-25T14:25:35.923238" elapsed="0.003989"/>
</if>
<kw name="Wait Until Page Contains Element" owner="SeleniumLibrary">
<arg>${locator}</arg>
<arg>${timeout}</arg>
<doc>Waits until the element ``locator`` appears on the current page.</doc>
<status status="PASS" start="2024-07-25T14:25:35.928224" elapsed="0.556455"/>
</kw>
<kw name="Wait Until Element Is Visible" owner="SeleniumLibrary">
<arg>${locator}</arg>
<doc>Waits until the element ``locator`` is visible.</doc>
<status status="PASS" start="2024-07-25T14:25:36.485677" elapsed="1.930638"/>
</kw>
<kw name="Set Log Level" owner="BuiltIn">
<arg>ERROR</arg>
<doc>Sets the log threshold to the specified level.</doc>
<status status="PASS" start="2024-07-25T14:25:38.416315" elapsed="0.000997"/>
</kw>
<kw name="Wait Until Keyword Succeeds" owner="BuiltIn">
<kw name="Set Focus To Element" owner="SeleniumLibrary">
<arg>${locator}</arg>
<doc>Sets the focus to the element identified by ``locator``.</doc>
<status status="PASS" start="2024-07-25T14:25:38.418309" elapsed="1.543714"/>
</kw>
<arg>${timeout}</arg>
<arg>500ms</arg>
<arg>Set Focus To Element</arg>
<arg>${locator}</arg>
<doc>Runs the specified keyword and retries if it fails.</doc>
<status status="PASS" start="2024-07-25T14:25:38.418309" elapsed="1.544711"/>
</kw>
<kw name="Set Log Level" owner="BuiltIn" type="TEARDOWN">
<arg>INFO</arg>
<doc>Sets the log threshold to the specified level.</doc>
<status status="PASS" start="2024-07-25T14:25:39.964017" elapsed="0.000000"/>
</kw>
<arg>${locator}</arg>
<arg>${timeout}</arg>
<doc>This is a series of chained Selenium keywords, that first waits for an element to be on the DOM, executes
Focus on it, then it waits for it to be visible.
locator: (string) A selenium locator(CSS, XPATH, ID, NAME, etc)
timeout: (float) Time in seconds to wait, will use global timeout if not set.</doc>
<status status="PASS" start="2024-07-25T14:25:35.922241" elapsed="4.042774"/>
</kw>
<kw name="Click Element" owner="SeleniumLibrary">
<msg time="2024-07-25T14:25:39.966012" level="INFO">Clicking element '//button[@data-testid='submit-button']'.</msg>
<arg>${locator}</arg>
<doc>Click the element identified by ``locator``.</doc>
<status status="PASS" start="2024-07-25T14:25:39.965015" elapsed="4.513467"/>
</kw>
<arg>${login_btn}</arg>
<doc>This is a series of chained Selenium keywords, that tries to find a web element first, and then clicks it.
If the element fails to be clicked, it will scroll to the bottom of the page and try again.
locator: (string) A selenium locator(CSS, XPATH, ID, NAME, etc)
timeout: (float) Time in seconds to wait, will use global timeout if not set.</doc>
<status status="PASS" start="2024-07-25T14:25:35.921243" elapsed="8.560230"/>
</kw>
<kw name="Wait And Mouse Over" owner="SeleniumActions">
<kw name="Wait And Focus On Element" owner="SeleniumActions">
<if>
<branch type="IF" condition="not ${timeout}">
<kw name="Get Selenium Timeout" owner="SeleniumLibrary">
<msg time="2024-07-25T14:25:44.485462" level="INFO">${timeout} = 30 seconds</msg>
<var>${timeout}</var>
<doc>Gets the timeout that is used by various keywords.</doc>
<status status="PASS" start="2024-07-25T14:25:44.484465" elapsed="0.000997"/>
</kw>
<status status="PASS" start="2024-07-25T14:25:44.483468" elapsed="0.004986"/>
</branch>
<status status="PASS" start="2024-07-25T14:25:44.483468" elapsed="0.004986"/>
</if>
<kw name="Wait Until Page Contains Element" owner="SeleniumLibrary">
<arg>${locator}</arg>
<arg>${timeout}</arg>
<doc>Waits until the element ``locator`` appears on the current page.</doc>
<status status="PASS" start="2024-07-25T14:25:44.489451" elapsed="4.191872"/>
</kw>
<kw name="Wait Until Element Is Visible" owner="SeleniumLibrary">
<arg>${locator}</arg>
<doc>Waits until the element ``locator`` is visible.</doc>
<status status="PASS" start="2024-07-25T14:25:48.682320" elapsed="2.595792"/>
</kw>
<kw name="Set Log Level" owner="BuiltIn">
<arg>ERROR</arg>
<doc>Sets the log threshold to the specified level.</doc>
<status status="PASS" start="2024-07-25T14:25:51.279110" elapsed="0.000997"/>
</kw>
<kw name="Wait Until Keyword Succeeds" owner="BuiltIn">
<kw name="Set Focus To Element" owner="SeleniumLibrary">
<arg>${locator}</arg>
<doc>Sets the focus to the element identified by ``locator``.</doc>
<status status="PASS" start="2024-07-25T14:25:51.281104" elapsed="2.775377"/>
</kw>
<arg>${timeout}</arg>
<arg>500ms</arg>
<arg>Set Focus To Element</arg>
<arg>${locator}</arg>
<doc>Runs the specified keyword and retries if it fails.</doc>
<status status="PASS" start="2024-07-25T14:25:51.281104" elapsed="2.775377"/>
</kw>
<kw name="Set Log Level" owner="BuiltIn" type="TEARDOWN">
<arg>INFO</arg>
<doc>Sets the log threshold to the specified level.</doc>
<status status="PASS" start="2024-07-25T14:25:54.057479" elapsed="0.000997"/>
</kw>
<arg>${locator}</arg>
<arg>${timeout}</arg>
<doc>This is a series of chained Selenium keywords, that first waits for an element to be on the DOM, executes
Focus on it, then it waits for it to be visible.
locator: (string) A selenium locator(CSS, XPATH, ID, NAME, etc)
timeout: (float) Time in seconds to wait, will use global timeout if not set.</doc>
<status status="PASS" start="2024-07-25T14:25:44.482470" elapsed="9.576006"/>
</kw>
<kw name="Mouse Over" owner="SeleniumLibrary">
<msg time="2024-07-25T14:25:54.059473" level="INFO">Simulating Mouse Over on element '//img[@data-testid='sidebar-logo']'.</msg>
<arg>${locator}</arg>
<doc>Simulates hovering the mouse over the element ``locator``.</doc>
<status status="PASS" start="2024-07-25T14:25:54.059473" elapsed="1.441592"/>
</kw>
<arg>${gos_header}</arg>
<doc>This is a series of chained Selenium keywords, that first waits for an element to be visible, then executes a
mouse over command on it.
locator: (string) A selenium locator(CSS, XPATH, ID, NAME, etc)
timeout: (float) Time in seconds to wait, will use global timeout if not set.</doc>
<status status="PASS" start="2024-07-25T14:25:44.481473" elapsed="11.023581"/>
</kw>
<kw name="Is Element Visible" owner="SeleniumActions">
<kw name="Run Keyword And Return Status" owner="BuiltIn">
<kw name="Element Should Be Visible" owner="SeleniumLibrary">
<msg time="2024-07-25T14:25:57.405885" level="INFO">Element '//img[@data-testid='sidebar-logo']' is displayed.</msg>
<arg>${locator}</arg>
<doc>Verifies that the element identified by ``locator`` is visible.</doc>
<status status="PASS" start="2024-07-25T14:25:55.507048" elapsed="1.898837"/>
</kw>
<msg time="2024-07-25T14:25:57.408877" level="INFO">${status} = True</msg>
<var>${status}</var>
<arg>Element Should Be Visible</arg>
<arg>${locator}</arg>
<doc>Runs the given keyword with given arguments and returns the status as a Boolean value.</doc>
<status status="PASS" start="2024-07-25T14:25:55.506051" elapsed="1.902826"/>
</kw>
<return>
<value>${status}</value>
<status status="PASS" start="2024-07-25T14:25:57.411869" elapsed="0.000000"/>
</return>
<arg>${gos_header}</arg>
<doc>Return the current state of the element, the keyword will return true if the element
is visible and false if it is not visible.</doc>
<status status="PASS" start="2024-07-25T14:25:55.505054" elapsed="1.906815"/>
</kw>
<status status="PASS" start="2024-07-25T14:21:51.500308" elapsed="245.912558"/>
</kw>
<test id="s1-t1" name="(SRPHGBEQA-T10587) [Account] Account Page objects should be displayed" line="23">
<kw name="Navigate to Module" owner="Common_Actions">
<if>
<branch type="IF" condition="&quot;${component}&quot; == &quot;Package&quot;">
<kw name="Wait And Click Element" owner="SeleniumActions">
<arg>${module.replace('hrefloc',"/packages")}</arg>
<doc>This is a series of chained Selenium keywords, that tries to find a web element first, and then clicks it.
If the element fails to be clicked, it will scroll to the bottom of the page and try again.
locator: (string) A selenium locator(CSS, XPATH, ID, NAME, etc)
timeout: (float) Time in seconds to wait, will use global timeout if not set.</doc>
<status status="NOT RUN" start="2024-07-25T14:25:57.416855" elapsed="0.000997"/>
</kw>
<status status="NOT RUN" start="2024-07-25T14:25:57.416855" elapsed="0.000997"/>
</branch>
<status status="PASS" start="2024-07-25T14:25:57.416855" elapsed="0.000997"/>
</if>
<if>
<branch type="IF" condition="&quot;${component}&quot; == &quot;Package Policy&quot;">
<kw name="Wait And Click Element" owner="SeleniumActions">
<arg>${module.replace('hrefloc',"/package-policy")}</arg>
<doc>This is a series of chained Selenium keywords, that tries to find a web element first, and then clicks it.
If the element fails to be clicked, it will scroll to the bottom of the page and try again.
locator: (string) A selenium locator(CSS, XPATH, ID, NAME, etc)
timeout: (float) Time in seconds to wait, will use global timeout if not set.</doc>
<status status="NOT RUN" start="2024-07-25T14:25:57.418850" elapsed="0.000000"/>
</kw>
<status status="NOT RUN" start="2024-07-25T14:25:57.417852" elapsed="0.001995"/>
</branch>
<status status="PASS" start="2024-07-25T14:25:57.417852" elapsed="0.001995"/>
</if>
<if>
<branch type="IF" condition="&quot;${component}&quot; == &quot;Device Manager&quot;">
<kw name="Wait And Click Element" owner="SeleniumActions">
<arg>${module_device}</arg>
<doc>This is a series of chained Selenium keywords, that tries to find a web element first, and then clicks it.
If the element fails to be clicked, it will scroll to the bottom of the page and try again.
locator: (string) A selenium locator(CSS, XPATH, ID, NAME, etc)
timeout: (float) Time in seconds to wait, will use global timeout if not set.</doc>
<status status="NOT RUN" start="2024-07-25T14:25:57.420844" elapsed="0.000000"/>
</kw>
<kw name="Wait And Click Element" owner="SeleniumActions">
<arg>${module.replace('hrefloc',"/devices/device-manager")}</arg>
<doc>This is a series of chained Selenium keywords, that tries to find a web element first, and then clicks it.
If the element fails to be clicked, it will scroll to the bottom of the page and try again.
locator: (string) A selenium locator(CSS, XPATH, ID, NAME, etc)
timeout: (float) Time in seconds to wait, will use global timeout if not set.</doc>
<status status="NOT RUN" start="2024-07-25T14:25:57.421841" elapsed="0.000000"/>
</kw>
<status status="NOT RUN" start="2024-07-25T14:25:57.419847" elapsed="0.001994"/>
</branch>
<status status="PASS" start="2024-07-25T14:25:57.419847" elapsed="0.002992"/>
</if>
<if>
<branch type="IF" condition="&quot;${component}&quot; == &quot;Device Group Manager&quot;">
<kw name="Wait And Click Element" owner="SeleniumActions">
<arg>${module_device}</arg>
<doc>This is a series of chained Selenium keywords, that tries to find a web element first, and then clicks it.
If the element fails to be clicked, it will scroll to the bottom of the page and try again.
locator: (string) A selenium locator(CSS, XPATH, ID, NAME, etc)
timeout: (float) Time in seconds to wait, will use global timeout if not set.</doc>
<status status="NOT RUN" start="2024-07-25T14:25:57.422839" elapsed="0.000997"/>
</kw>
<kw name="Wait And Click Element" owner="SeleniumActions">
<arg>${module.replace('hrefloc',"/devices/device-group-manager")}</arg>
<doc>This is a series of chained Selenium keywords, that tries to find a web element first, and then clicks it.
If the element fails to be clicked, it will scroll to the bottom of the page and try again.
locator: (string) A selenium locator(CSS, XPATH, ID, NAME, etc)
timeout: (float) Time in seconds to wait, will use global timeout if not set.</doc>
<status status="NOT RUN" start="2024-07-25T14:25:57.424833" elapsed="0.000000"/>
</kw>
<status status="NOT RUN" start="2024-07-25T14:25:57.422839" elapsed="0.001994"/>
</branch>
<status status="PASS" start="2024-07-25T14:25:57.422839" elapsed="0.002992"/>
</if>
<if>
<branch type="IF" condition="&quot;${component}&quot; == &quot;Product Manager&quot;">
<kw name="Wait And Click Element" owner="SeleniumActions">
<arg>${module_device}</arg>
<doc>This is a series of chained Selenium keywords, that tries to find a web element first, and then clicks it.
If the element fails to be clicked, it will scroll to the bottom of the page and try again.
locator: (string) A selenium locator(CSS, XPATH, ID, NAME, etc)
timeout: (float) Time in seconds to wait, will use global timeout if not set.</doc>
<status status="NOT RUN" start="2024-07-25T14:25:57.426829" elapsed="0.000000"/>
</kw>
<kw name="Wait And Click Element" owner="SeleniumActions">
<arg>${module.replace('hrefloc',"/devices/product-manager")}</arg>
<doc>This is a series of chained Selenium keywords, that tries to find a web element first, and then clicks it.
If the element fails to be clicked, it will scroll to the bottom of the page and try again.
locator: (string) A selenium locator(CSS, XPATH, ID, NAME, etc)
timeout: (float) Time in seconds to wait, will use global timeout if not set.</doc>
<status status="NOT RUN" start="2024-07-25T14:25:57.426829" elapsed="0.000996"/>
</kw>
<status status="NOT RUN" start="2024-07-25T14:25:57.425831" elapsed="0.001994"/>
</branch>
<status status="PASS" start="2024-07-25T14:25:57.425831" elapsed="0.001994"/>
</if>
<if>
<branch type="IF" condition="&quot;${component}&quot; == &quot;Device Group Policy&quot;">
<kw name="Wait And Click Element" owner="SeleniumActions">
<arg>${module.replace('hrefloc',"/device-group-policy")}</arg>
<doc>This is a series of chained Selenium keywords, that tries to find a web element first, and then clicks it.
If the element fails to be clicked, it will scroll to the bottom of the page and try again.
locator: (string) A selenium locator(CSS, XPATH, ID, NAME, etc)
timeout: (float) Time in seconds to wait, will use global timeout if not set.</doc>
<status status="NOT RUN" start="2024-07-25T14:25:57.428823" elapsed="0.000000"/>
</kw>
<status status="NOT RUN" start="2024-07-25T14:25:57.428823" elapsed="0.000997"/>
</branch>
<status status="PASS" start="2024-07-25T14:25:57.428823" elapsed="0.000997"/>
</if>
<if>
<branch type="IF" condition="&quot;${component}&quot; == &quot;Account&quot;">
<kw name="Wait And Click Element" owner="SeleniumActions">
<kw name="Wait And Focus On Element" owner="SeleniumActions">
<if>
<branch type="IF" condition="not ${timeout}">
<kw name="Get Selenium Timeout" owner="SeleniumLibrary">
<msg time="2024-07-25T14:25:57.437798" level="INFO">${timeout} = 30 seconds</msg>
<var>${timeout}</var>
<doc>Gets the timeout that is used by various keywords.</doc>
<status status="PASS" start="2024-07-25T14:25:57.436801" elapsed="0.000997"/>
</kw>
<status status="PASS" start="2024-07-25T14:25:57.436801" elapsed="0.036901"/>
</branch>
<status status="PASS" start="2024-07-25T14:25:57.436801" elapsed="0.036901"/>
</if>
<kw name="Wait Until Page Contains Element" owner="SeleniumLibrary">
<arg>${locator}</arg>
<arg>${timeout}</arg>
<doc>Waits until the element ``locator`` appears on the current page.</doc>
<status status="PASS" start="2024-07-25T14:25:57.474698" elapsed="1.379250"/>
</kw>
<kw name="Wait Until Element Is Visible" owner="SeleniumLibrary">
<arg>${locator}</arg>
<doc>Waits until the element ``locator`` is visible.</doc>
<status status="PASS" start="2024-07-25T14:25:58.854945" elapsed="3.659051"/>
</kw>
<kw name="Set Log Level" owner="BuiltIn">
<arg>ERROR</arg>
<doc>Sets the log threshold to the specified level.</doc>
<status status="PASS" start="2024-07-25T14:26:02.514993" elapsed="0.000000"/>
</kw>
<kw name="Wait Until Keyword Succeeds" owner="BuiltIn">
<kw name="Set Focus To Element" owner="SeleniumLibrary">
<arg>${locator}</arg>
<doc>Sets the focus to the element identified by ``locator``.</doc>
<status status="PASS" start="2024-07-25T14:26:02.516988" elapsed="7.430306"/>
</kw>
<arg>${timeout}</arg>
<arg>500ms</arg>
<arg>Set Focus To Element</arg>
<arg>${locator}</arg>
<doc>Runs the specified keyword and retries if it fails.</doc>
<status status="PASS" start="2024-07-25T14:26:02.515991" elapsed="7.432300"/>
</kw>
<kw name="Set Log Level" owner="BuiltIn" type="TEARDOWN">
<arg>INFO</arg>
<doc>Sets the log threshold to the specified level.</doc>
<status status="PASS" start="2024-07-25T14:26:09.949288" elapsed="0.000000"/>
</kw>
<arg>${locator}</arg>
<arg>${timeout}</arg>
<doc>This is a series of chained Selenium keywords, that first waits for an element to be on the DOM, executes
Focus on it, then it waits for it to be visible.
locator: (string) A selenium locator(CSS, XPATH, ID, NAME, etc)
timeout: (float) Time in seconds to wait, will use global timeout if not set.</doc>
<status status="PASS" start="2024-07-25T14:25:57.435804" elapsed="12.514482"/>
</kw>
<kw name="Click Element" owner="SeleniumLibrary">
<msg time="2024-07-25T14:26:09.951284" level="INFO">Clicking element '//a[@href='/account/accounts']'.</msg>
<arg>${locator}</arg>
<doc>Click the element identified by ``locator``.</doc>
<status status="PASS" start="2024-07-25T14:26:09.950286" elapsed="7.449742"/>
</kw>
<arg>${module.replace('hrefloc',"/account/accounts")}</arg>
<doc>This is a series of chained Selenium keywords, that tries to find a web element first, and then clicks it.
If the element fails to be clicked, it will scroll to the bottom of the page and try again.
locator: (string) A selenium locator(CSS, XPATH, ID, NAME, etc)
timeout: (float) Time in seconds to wait, will use global timeout if not set.</doc>
<status status="PASS" start="2024-07-25T14:25:57.430817" elapsed="19.972203"/>
</kw>
<status status="PASS" start="2024-07-25T14:25:57.429820" elapsed="19.973200"/>
</branch>
<status status="PASS" start="2024-07-25T14:25:57.429820" elapsed="19.973200"/>
</if>
<if>
<branch type="IF" condition="&quot;${component}&quot; == &quot;History-Package&quot;">
<kw name="Wait And Click Element" owner="SeleniumActions">
<arg>${module_history}</arg>
<doc>This is a series of chained Selenium keywords, that tries to find a web element first, and then clicks it.
If the element fails to be clicked, it will scroll to the bottom of the page and try again.
locator: (string) A selenium locator(CSS, XPATH, ID, NAME, etc)
timeout: (float) Time in seconds to wait, will use global timeout if not set.</doc>
<status status="NOT RUN" start="2024-07-25T14:26:17.404018" elapsed="0.000997"/>
</kw>
<kw name="Wait And Click Element" owner="SeleniumActions">
<arg>${module.replace('hrefloc',"/history/package-info-history")}</arg>
<doc>This is a series of chained Selenium keywords, that tries to find a web element first, and then clicks it.
If the element fails to be clicked, it will scroll to the bottom of the page and try again.
locator: (string) A selenium locator(CSS, XPATH, ID, NAME, etc)
timeout: (float) Time in seconds to wait, will use global timeout if not set.</doc>
<status status="NOT RUN" start="2024-07-25T14:26:17.405015" elapsed="0.000000"/>
</kw>
<status status="NOT RUN" start="2024-07-25T14:26:17.404018" elapsed="0.001995"/>
</branch>
<status status="PASS" start="2024-07-25T14:26:17.404018" elapsed="0.001995"/>
</if>
<if>
<branch type="IF" condition="&quot;${component}&quot; == &quot;History-Package Policy&quot;">
<kw name="Wait And Click Element" owner="SeleniumActions">
<arg>${module_history}</arg>
<doc>This is a series of chained Selenium keywords, that tries to find a web element first, and then clicks it.
If the element fails to be clicked, it will scroll to the bottom of the page and try again.
locator: (string) A selenium locator(CSS, XPATH, ID, NAME, etc)
timeout: (float) Time in seconds to wait, will use global timeout if not set.</doc>
<status status="NOT RUN" start="2024-07-25T14:26:17.407010" elapsed="0.000000"/>
</kw>
<kw name="Wait And Click Element" owner="SeleniumActions">
<arg>${module.replace('hrefloc',"/history/package-policy-history")}</arg>
<doc>This is a series of chained Selenium keywords, that tries to find a web element first, and then clicks it.
If the element fails to be clicked, it will scroll to the bottom of the page and try again.
locator: (string) A selenium locator(CSS, XPATH, ID, NAME, etc)
timeout: (float) Time in seconds to wait, will use global timeout if not set.</doc>
<status status="NOT RUN" start="2024-07-25T14:26:17.408007" elapsed="0.000000"/>
</kw>
<status status="NOT RUN" start="2024-07-25T14:26:17.406013" elapsed="0.002991"/>
</branch>
<status status="PASS" start="2024-07-25T14:26:17.406013" elapsed="0.002991"/>
</if>
<if>
<branch type="IF" condition="&quot;${component}&quot; == &quot;History-Device Manager&quot;">
<kw name="Wait And Click Element" owner="SeleniumActions">
<arg>${module_history}</arg>
<doc>This is a series of chained Selenium keywords, that tries to find a web element first, and then clicks it.
If the element fails to be clicked, it will scroll to the bottom of the page and try again.
locator: (string) A selenium locator(CSS, XPATH, ID, NAME, etc)
timeout: (float) Time in seconds to wait, will use global timeout if not set.</doc>
<status status="NOT RUN" start="2024-07-25T14:26:17.410001" elapsed="0.000000"/>
</kw>
<kw name="Wait And Click Element" owner="SeleniumActions">
<arg>${module.replace('hrefloc',"/history/device-manager-history")}</arg>
<doc>This is a series of chained Selenium keywords, that tries to find a web element first, and then clicks it.
If the element fails to be clicked, it will scroll to the bottom of the page and try again.
locator: (string) A selenium locator(CSS, XPATH, ID, NAME, etc)
timeout: (float) Time in seconds to wait, will use global timeout if not set.</doc>
<status status="NOT RUN" start="2024-07-25T14:26:17.410998" elapsed="0.000000"/>
</kw>
<status status="NOT RUN" start="2024-07-25T14:26:17.409004" elapsed="0.001994"/>
</branch>
<status status="PASS" start="2024-07-25T14:26:17.409004" elapsed="0.001994"/>
</if>
<if>
<branch type="IF" condition="&quot;${component}&quot; == &quot;History-Device Group Manager&quot;">
<kw name="Wait And Click Element" owner="SeleniumActions">
<arg>${module_history}</arg>
<doc>This is a series of chained Selenium keywords, that tries to find a web element first, and then clicks it.
If the element fails to be clicked, it will scroll to the bottom of the page and try again.
locator: (string) A selenium locator(CSS, XPATH, ID, NAME, etc)
timeout: (float) Time in seconds to wait, will use global timeout if not set.</doc>
<status status="NOT RUN" start="2024-07-25T14:26:17.411996" elapsed="0.000000"/>
</kw>
<kw name="Wait And Click Element" owner="SeleniumActions">
<arg>${module.replace('hrefloc',"/history/device-group-manager-history")}</arg>
<doc>This is a series of chained Selenium keywords, that tries to find a web element first, and then clicks it.
If the element fails to be clicked, it will scroll to the bottom of the page and try again.
locator: (string) A selenium locator(CSS, XPATH, ID, NAME, etc)
timeout: (float) Time in seconds to wait, will use global timeout if not set.</doc>
<status status="NOT RUN" start="2024-07-25T14:26:17.412993" elapsed="0.000000"/>
</kw>
<status status="NOT RUN" start="2024-07-25T14:26:17.411996" elapsed="0.001994"/>
</branch>
<status status="PASS" start="2024-07-25T14:26:17.411996" elapsed="0.001994"/>
</if>
<if>
<branch type="IF" condition="&quot;${component}&quot; == &quot;History-Product Manager&quot;">
<kw name="Wait And Click Element" owner="SeleniumActions">
<arg>${module_history}</arg>
<doc>This is a series of chained Selenium keywords, that tries to find a web element first, and then clicks it.
If the element fails to be clicked, it will scroll to the bottom of the page and try again.
locator: (string) A selenium locator(CSS, XPATH, ID, NAME, etc)
timeout: (float) Time in seconds to wait, will use global timeout if not set.</doc>
<status status="NOT RUN" start="2024-07-25T14:26:17.414988" elapsed="0.000000"/>
</kw>
<kw name="Wait And Click Element" owner="SeleniumActions">
<arg>${module.replace('hrefloc',"/history/product-manager-history")}</arg>
<doc>This is a series of chained Selenium keywords, that tries to find a web element first, and then clicks it.
If the element fails to be clicked, it will scroll to the bottom of the page and try again.
locator: (string) A selenium locator(CSS, XPATH, ID, NAME, etc)
timeout: (float) Time in seconds to wait, will use global timeout if not set.</doc>
<status status="NOT RUN" start="2024-07-25T14:26:17.415985" elapsed="0.000000"/>
</kw>
<status status="NOT RUN" start="2024-07-25T14:26:17.413990" elapsed="0.001995"/>
</branch>
<status status="PASS" start="2024-07-25T14:26:17.413990" elapsed="0.001995"/>
</if>
<if>
<branch type="IF" condition="&quot;${component}&quot; == &quot;History-Device Group Policy&quot;">
<kw name="Wait And Click Element" owner="SeleniumActions">
<arg>${module_history}</arg>
<doc>This is a series of chained Selenium keywords, that tries to find a web element first, and then clicks it.
If the element fails to be clicked, it will scroll to the bottom of the page and try again.
locator: (string) A selenium locator(CSS, XPATH, ID, NAME, etc)
timeout: (float) Time in seconds to wait, will use global timeout if not set.</doc>
<status status="NOT RUN" start="2024-07-25T14:26:17.416982" elapsed="0.002992"/>
</kw>
<kw name="Wait And Click Element" owner="SeleniumActions">
<arg>${module.replace('hrefloc',"/history/device-group-history")}</arg>
<doc>This is a series of chained Selenium keywords, that tries to find a web element first, and then clicks it.
If the element fails to be clicked, it will scroll to the bottom of the page and try again.
locator: (string) A selenium locator(CSS, XPATH, ID, NAME, etc)
timeout: (float) Time in seconds to wait, will use global timeout if not set.</doc>
<status status="NOT RUN" start="2024-07-25T14:26:17.419974" elapsed="0.000000"/>
</kw>
<status status="NOT RUN" start="2024-07-25T14:26:17.416982" elapsed="0.003989"/>
</branch>
<status status="PASS" start="2024-07-25T14:26:17.416982" elapsed="0.003989"/>
</if>
<kw name="Wait Until Element Is Not Visible" owner="SeleniumLibrary">
<arg>${progress_bar}</arg>
<doc>Waits until the element ``locator`` is not visible.</doc>
<status status="PASS" start="2024-07-25T14:26:17.421969" elapsed="2.786932"/>
</kw>
<arg>${ACCOUNT}</arg>
<status status="PASS" start="2024-07-25T14:25:57.415858" elapsed="22.794041"/>
</kw>
<kw name="Verify Account Page Component" owner="Account_Actions">
<kw name="Element Should Be Visible" owner="SeleniumLibrary">
<msg time="2024-07-25T14:26:21.436075" level="INFO">